<?xml version="1.0" encoding="UTF-8"?>
<testsuite xmlns:xsi="http://www.w3.org/2001/XMLSchema-instance" xsi:noNamespaceSchemaLocation="https://maven.apache.org/surefire/maven-surefire-plugin/xsd/surefire-test-report-3.0.xsd" version="3.0" name="com.mac.busradar.BusradarApplicationTests" time="1.657" tests="1" errors="0" skipped="0" failures="0">
  <properties>
[...]
</properties>
  <testcase name="contextLoads" classname="com.mac.busradar.BusradarApplicationTests" time="0.369">
    <system-out><![CDATA[17:10:20.515 [main] INFO org.springframework.test.context.support.AnnotationConfigContextLoaderUtils -- Could not detect default configuration classes for test class [com.mac.busradar.BusradarApplicationTests]: BusradarApplicationTests does not declare any static, non-private, non-final, nested classes annotated with @Configuration.
17:10:20.560 [main] INFO org.springframework.boot.test.context.SpringBootTestContextBootstrapper -- Found @SpringBootConfiguration com.mac.busradar.BusradarApplication for test class com.mac.busradar.BusradarApplicationTests

  .   ____          _            __ _ _
 /\\ / ___'_ __ _ _(_)_ __  __ _ \ \ \ \
( ( )\___ | '_ | '_| | '_ \/ _` | \ \ \ \
 \\/  ___)| |_)| | | | | || (_| |  ) ) ) )
  '  |____| .__|_| |_|_| |_\__, | / / / /
 =========|_|==============|___/=/_/_/_/

 :: Spring Boot ::                (v3.3.4)

2024-11-02T17:10:20.709-04:00  INFO 14867 --- [busradar] [           main] c.mac.busradar.BusradarApplicationTests  : Starting BusradarApplicationTests using Java 21.0.3 with PID 14867 (started by anthonynguyen in /Users/anthonynguyen/Desktop/uwindsor/term2/busradar/backend)
2024-11-02T17:10:20.709-04:00  INFO 14867 --- [busradar] [           main] c.mac.busradar.BusradarApplicationTests  : No active profile set, falling back to 1 default profile: "default"
2024-11-02T17:10:20.955-04:00  INFO 14867 --- [busradar] [           main] .s.d.r.c.RepositoryConfigurationDelegate : Bootstrapping Spring Data MongoDB repositories in DEFAULT mode.
2024-11-02T17:10:21.021-04:00  INFO 14867 --- [busradar] [           main] .s.d.r.c.RepositoryConfigurationDelegate : Finished Spring Data repository scanning in 63 ms. Found 2 MongoDB repository interfaces.
2024-11-02T17:10:21.262-04:00  INFO 14867 --- [busradar] [           main] org.mongodb.driver.client                : MongoClient with metadata {"application": {"name": "test-cluster"}, "driver": {"name": "mongo-java-driver|sync|spring-boot", "version": "5.0.1"}, "os": {"type": "Darwin", "name": "Mac OS X", "architecture": "aarch64", "version": "14.6.1"}, "platform": "Java/Amazon.com Inc./21.0.3+9-LTS"} created with settings MongoClientSettings{readPreference=primary, writeConcern=WriteConcern{w=majority, wTimeout=null ms, journal=null}, retryWrites=true, retryReads=true, readConcern=ReadConcern{level=null}, credential=MongoCredential{mechanism=null, userName='ngph', source='admin', password=<hidden>, mechanismProperties=<hidden>}, transportSettings=null, commandListeners=[], codecRegistry=ProvidersCodecRegistry{codecProviders=[ValueCodecProvider{}, BsonValueCodecProvider{}, DBRefCodecProvider{}, DBObjectCodecProvider{}, DocumentCodecProvider{}, CollectionCodecProvider{}, IterableCodecProvider{}, MapCodecProvider{}, GeoJsonCodecProvider{}, GridFSFileCodecProvider{}, Jsr310CodecProvider{}, JsonObjectCodecProvider{}, BsonCodecProvider{}, EnumCodecProvider{}, com.mongodb.client.model.mql.ExpressionCodecProvider@36068727, com.mongodb.Jep395RecordCodecProvider@72543547, com.mongodb.KotlinCodecProvider@3d88e6b9]}, loggerSettings=LoggerSettings{maxDocumentLength=1000}, clusterSettings={hosts=[127.0.0.1:27017], srvHost=test-cluster.hbobrkl.mongodb.net, srvServiceName=mongodb, mode=MULTIPLE, requiredClusterType=REPLICA_SET, requiredReplicaSetName='atlas-xln734-shard-0', serverSelector='null', clusterListeners='[]', serverSelectionTimeout='30000 ms', localThreshold='15 ms'}, socketSettings=SocketSettings{connectTimeoutMS=10000, readTimeoutMS=0, receiveBufferSize=0, proxySettings=ProxySettings{host=null, port=null, username=null, password=null}}, heartbeatSocketSettings=SocketSettings{connectTimeoutMS=10000, readTimeoutMS=10000, receiveBufferSize=0, proxySettings=ProxySettings{host=null, port=null, username=null, password=null}}, connectionPoolSettings=ConnectionPoolSettings{maxSize=100, minSize=0, maxWaitTimeMS=120000, maxConnectionLifeTimeMS=0, maxConnectionIdleTimeMS=0, maintenanceInitialDelayMS=0, maintenanceFrequencyMS=60000, connectionPoolListeners=[], maxConnecting=2}, serverSettings=ServerSettings{heartbeatFrequencyMS=10000, minHeartbeatFrequencyMS=500, serverListeners='[]', serverMonitorListeners='[]'}, sslSettings=SslSettings{enabled=true, invalidHostNameAllowed=false, context=null}, applicationName='test-cluster', compressorList=[], uuidRepresentation=JAVA_LEGACY, serverApi=null, autoEncryptionSettings=null, dnsClient=null, inetAddressResolver=null, contextProvider=null}
2024-11-02T17:10:21.283-04:00  INFO 14867 --- [busradar] [rkl.mongodb.net] org.mongodb.driver.cluster               : Adding discovered server ac-2eoxrmy-shard-00-01.hbobrkl.mongodb.net:27017 to client view of cluster
2024-11-02T17:10:21.291-04:00  INFO 14867 --- [busradar] [rkl.mongodb.net] org.mongodb.driver.cluster               : Adding discovered server ac-2eoxrmy-shard-00-00.hbobrkl.mongodb.net:27017 to client view of cluster
2024-11-02T17:10:21.293-04:00  INFO 14867 --- [busradar] [rkl.mongodb.net] org.mongodb.driver.cluster               : Adding discovered server ac-2eoxrmy-shard-00-02.hbobrkl.mongodb.net:27017 to client view of cluster
2024-11-02T17:10:21.721-04:00  INFO 14867 --- [busradar] [           main] c.mac.busradar.BusradarApplicationTests  : Started BusradarApplicationTests in 1.106 seconds (process running for 1.484)
]]></system-out>
    <system-err><![CDATA[WARNING: A Java agent has been loaded dynamically (/Users/anthonynguyen/.m2/repository/net/bytebuddy/byte-buddy-agent/1.14.19/byte-buddy-agent-1.14.19.jar)
WARNING: If a serviceability tool is in use, please run with -XX:+EnableDynamicAgentLoading to hide this warning
WARNING: If a serviceability tool is not in use, please run with -Djdk.instrument.traceUsage for more information
WARNING: Dynamic loading of agents will be disallowed by default in a future release
]]></system-err>
  </testcase>
</testsuite>